/local/scratch/clo37/anaconda3/envs/vlm_large_mia_llava_venv/lib/python3.10/site-packages/hydra/_internal/defaults_list.py:251: UserWarning: In 'run_img': Defaults list is missing `_self_`. See https://hydra.cc/docs/1.2/upgrades/1.0_to_1.1/default_composition_order for more information
  warnings.warn(msg, UserWarning)
/home/clo37/.local/lib/python3.10/site-packages/huggingface_hub/file_download.py:943: FutureWarning: `resume_download` is deprecated and will be removed in version 1.0.0. Downloads always resume when possible. If you want to force a new download, use `force_download=True`.
  warnings.warn(
You are using a model of type llava to instantiate a model of type llava_llama. This is not supported for all configurations of models and can yield errors.
{'data': {'dataset': 'JaineLi/VL-MIA-image', 'subset': 'img_Flickr', 'split': 'train', 'augmentations': {'RandomResize': {'use': False, 'size': [[256, 256], [256, 256], [256, 256], [256, 256], [256, 256], [256, 256], [256, 256], [256, 256], [256, 256], [256, 256]], 'scale': [[0.2, 0.2], [0.4, 0.4], [0.6, 0.6], [0.8, 0.8], [1.0, 1.0], [1.0, 1.0], [1.0, 1.0], [1.0, 1.0], [1.0, 1.0], [1.0, 1.0]], 'ratio': [[1.0, 1.0], [1.0, 1.0], [1.0, 1.0], [1.0, 1.0], [1.0, 1.0], [0.5, 0.5], [0.75, 0.75], [1.0, 1.0], [1.25, 1.25], [1.5, 1.5]]}, 'RandomRotation': {'use': False, 'degrees': [0.1, 0.2, 0.3, 0.4, 0.5, 5, 30, 45, 60, 90]}, 'RandomAffine': {'use': False, 'degrees': [30], 'translate': [[0.1, 0.1]], 'scale': [[0.75, 1.25]]}, 'ColorJitter': {'use': False, 'brightness': [0.5], 'contrast': [0.5], 'saturation': [0.5], 'hue': [0.5]}, 'GaussianNoise': {'use': True, 'mean': [0.0, 0.0, 0.0, 0.0, 0.0, 0.0, 0.0, 0.0], 'std': [1.0, 2.5, 5.0, 7.5, 10.0, 25.0, 50.0, 75.0]}}}, 'target_model': {'model_path': 'liuhaotian/llava-v1.5-7b', 'model_base': None, 'conv_mode': 'llava_v1', 'gpu_id': 0}, 'reference_model': {'model_path': 'liuhaotian/llava-v1.5-7b', 'model_base': 'llava-v1.5-7b', 'conv_mode': 'llava_v1'}, 'generation': {'use_augmentation': False, 'batch_size': 8, 'num_gen_tokens': 32}, 'inference': {'use_augmentation': True, 'batch_size': 8, 'test_number_of_batches': 5}, 'img_metrics': {'aug_kld': {'name': 'aug_kl_divs'}, 'max_k_renyi_1_entro': {'name': 'max_k_renyi_1_ratio', 'suffix': 'renyi_1', 'ratio': [0, 0.05, 0.1, 0.2, 0.3, 0.4, 0.5, 0.6, 0.7, 0.8, 0.9]}, 'max_k_renyi_2_entro': {'name': 'max_k_renyi_2_ratio', 'alpha': 2, 'suffix': 'renyi_2', 'ratio': [0, 0.05, 0.1, 0.2, 0.3, 0.4, 0.5, 0.6, 0.7, 0.8, 0.9]}, 'max_k_renyi_05_entro': {'name': 'max_k_renyi_05_ratio', 'alpha': 0.5, 'suffix': 'renyi_05', 'ratio': [0, 0.05, 0.1, 0.2, 0.3, 0.4, 0.5, 0.6, 0.7, 0.8, 0.9]}, 'max_prob_gap': {'name': 'max_prob_gap'}, 'min_k_renyi_1_entro': {'name': 'min_k_renyi_1_ratio', 'suffix': 'renyi_1', 'ratio': [0, 0.05, 0.1, 0.2, 0.3, 0.4, 0.5, 0.6, 0.7, 0.8, 0.9]}, 'min_k_renyi_2_entro': {'name': 'min_k_renyi_2_ratio', 'alpha': 2, 'suffix': 'renyi_2', 'ratio': [0, 0.05, 0.1, 0.2, 0.3, 0.4, 0.5, 0.6, 0.7, 0.8, 0.9]}, 'min_k_renyi_05_entro': {'name': 'min_k_renyi_05_ratio', 'alpha': 0.5, 'suffix': 'renyi_05', 'ratio': [0, 0.05, 0.1, 0.2, 0.3, 0.4, 0.5, 0.6, 0.7, 0.8, 0.9]}, 'mink': {'name': 'mink', 'ratio': [0, 0.05, 0.1, 0.2, 0.3, 0.4, 0.5, 0.6, 0.7, 0.8, 0.9]}, 'mod_renyi_1_entro': {'name': 'modified_entropy'}, 'mod_renyi_2_entro': {'name': 'modified_renyi_2', 'alpha': 2}, 'mod_renyi_05_entro': {'name': 'modified_reny_0.5', 'alpha': 0.5}, 'renyi_1': {'name': 'renyi_1'}, 'renyi_2': {'name': 'renyi_2', 'alpha': 2}, 'renyi_05': {'name': 'renyi_0.5', 'alpha': 2}, 'renyi_05_full': {'name': 'renyi_05_full'}, 'cross_entropy_mink': {'name': 'cross_entropy_mink', 'ratio': [0, 0.05, 0.1, 0.2, 0.3, 0.4, 0.5, 0.6, 0.7, 0.8, 0.9]}, 'min_k_renyi_05_kl_div': {'name': 'min_k_renyi_05_kl_div', 'alpha': 0.5, 'suffix': 'renyi_05', 'ratio': [0, 0.05, 0.1, 0.2, 0.3, 0.4, 0.5, 0.6, 0.7, 0.8, 0.9], 'augmentation_accumilator': ['avg', 'max', 'none'], 'augmentation_setting_version_accumilator': ['avg', 'max', 'none']}, 'min_k_renyi_1_kl_div': {'name': 'min_k_renyi_05_kl_div', 'alpha': 1, 'suffix': 'renyi_1', 'ratio': [0, 0.05, 0.1, 0.2, 0.3, 0.4, 0.5, 0.6, 0.7, 0.8, 0.9], 'augmentation_accumilator': ['avg', 'max', 'none'], 'augmentation_setting_version_accumilator': ['avg', 'max', 'none']}, 'min_k_renyi_2_kl_div': {'name': 'min_k_renyi_05_kl_div', 'alpha': 2, 'suffix': 'renyi_2', 'ratio': [0, 0.05, 0.1, 0.2, 0.3, 0.4, 0.5, 0.6, 0.7, 0.8, 0.9], 'augmentation_accumilator': ['avg', 'max', 'none'], 'augmentation_setting_version_accumilator': ['avg', 'max', 'none']}, 'min_k_renyi_inf_kl_div': {'name': 'min_k_renyi_inf_kl_div', 'suffix': 'renyi_inf', 'ratio': [0, 0.05, 0.1, 0.2, 0.3, 0.4, 0.5, 0.6, 0.7, 0.8, 0.9], 'augmentation_accumilator': ['avg', 'max', 'none'], 'augmentation_setting_version_accumilator': ['avg', 'max', 'none']}, 'min_k_renyi_divergence_025': {'name': 'min_k_renyi_divergence_025', 'alpha': 0.25, 'suffix': 'renyi_025', 'ratio': [0, 0.05, 0.1, 0.2, 0.3, 0.4, 0.5, 0.6, 0.7, 0.8, 0.9], 'augmentation_accumilator': ['avg', 'max', 'none'], 'augmentation_setting_version_accumilator': ['avg', 'max', 'none']}, 'min_k_renyi_divergence_05': {'name': 'min_k_renyi_divergence_05', 'alpha': 0.5, 'suffix': 'renyi_05', 'ratio': [0, 0.05, 0.1, 0.2, 0.3, 0.4, 0.5, 0.6, 0.7, 0.8, 0.9], 'augmentation_accumilator': ['avg', 'max', 'none'], 'augmentation_setting_version_accumilator': ['avg', 'max', 'none']}, 'min_k_renyi_divergence_2': {'name': 'min_k_renyi_divergence_2', 'alpha': 2, 'suffix': 'renyi_2', 'ratio': [0, 0.05, 0.1, 0.2, 0.3, 0.4, 0.5, 0.6, 0.7, 0.8, 0.9], 'augmentation_accumilator': ['avg', 'max', 'none'], 'augmentation_setting_version_accumilator': ['avg', 'max', 'none']}, 'min_k_renyi_divergence_4': {'name': 'min_k_renyi_divergence_4', 'alpha': 4, 'suffix': 'renyi_4', 'ratio': [0, 0.05, 0.1, 0.2, 0.3, 0.4, 0.5, 0.6, 0.7, 0.8, 0.9], 'augmentation_accumilator': ['avg', 'max', 'none'], 'augmentation_setting_version_accumilator': ['avg', 'max', 'none']}, 'metrics_to_use': ['min_k_renyi_05_kl_div', 'min_k_renyi_1_kl_div', 'min_k_renyi_2_kl_div', 'min_k_renyi_inf_kl_div', 'min_k_renyi_divergence_025', 'min_k_renyi_divergence_05', 'min_k_renyi_divergence_2', 'min_k_renyi_divergence_4'], 'parts': ['img'], 'get_proc_meta_values': 1000, 'get_token_labels': 1000, 'get_raw_images': 5, 'get_raw_meta_values': 5}, 'prompt': {'text': 'Describe this image concisely.'}, 'path': {'cache_dir': '/local/scratch/clo37/cache', 'output_dir': '/home/clo37/priv/VLM-MIA-Study/LatestResults/2025_09_09_TESTTEST'}, 'wandb': {'project': 'vlm_mia', 'name': 'run_001', 'mode': 'enabled'}, 'test_run': {'test_run': False}}
Augmentations Used:
{'RandomResize': {'use': False, 'size': [[256, 256], [256, 256], [256, 256], [256, 256], [256, 256], [256, 256], [256, 256], [256, 256], [256, 256], [256, 256]], 'scale': [[0.2, 0.2], [0.4, 0.4], [0.6, 0.6], [0.8, 0.8], [1.0, 1.0], [1.0, 1.0], [1.0, 1.0], [1.0, 1.0], [1.0, 1.0], [1.0, 1.0]], 'ratio': [[1.0, 1.0], [1.0, 1.0], [1.0, 1.0], [1.0, 1.0], [1.0, 1.0], [0.5, 0.5], [0.75, 0.75], [1.0, 1.0], [1.25, 1.25], [1.5, 1.5]]}, 'RandomRotation': {'use': False, 'degrees': [0.1, 0.2, 0.3, 0.4, 0.5, 5, 30, 45, 60, 90]}, 'RandomAffine': {'use': False, 'degrees': [30], 'translate': [[0.1, 0.1]], 'scale': [[0.75, 1.25]]}, 'ColorJitter': {'use': False, 'brightness': [0.5], 'contrast': [0.5], 'saturation': [0.5], 'hue': [0.5]}, 'GaussianNoise': {'use': True, 'mean': [0.0, 0.0, 0.0, 0.0, 0.0, 0.0, 0.0, 0.0], 'std': [1.0, 2.5, 5.0, 7.5, 10.0, 25.0, 50.0, 75.0]}}
Requested processed meta values of first 1000 of each class
Requested raw meta values of first 5 of each class
Requested token labels of first 1000 of each class
Requested Raw Augmented Images of first 5 of each class
Loading checkpoint shards:   0%|          | 0/2 [00:00<?, ?it/s]/local/scratch/clo37/anaconda3/envs/vlm_large_mia_llava_venv/lib/python3.10/site-packages/torch/_utils.py:831: UserWarning: TypedStorage is deprecated. It will be removed in the future and UntypedStorage will be the only storage class. This should only matter to you if you are using storages directly.  To access UntypedStorage directly, use tensor.untyped_storage() instead of tensor.storage()
  return self.fget.__get__(instance, owner)()
Loading checkpoint shards:  50%|█████     | 1/2 [00:00<00:00,  7.20it/s]Loading checkpoint shards: 100%|██████████| 2/2 [00:00<00:00,  8.46it/s]Loading checkpoint shards: 100%|██████████| 2/2 [00:00<00:00,  8.23it/s]
Getting Model Inference Data
Raw Image Indecies: [ 0  1  2  3  4  5  6  8  9 12]
Map:   0%|          | 0/600 [00:00<?, ? examples/s]Map: 100%|██████████| 600/600 [03:38<00:00,  2.74 examples/s]Map: 100%|██████████| 600/600 [03:45<00:00,  2.66 examples/s]
Looping Through Indicies
image_sampled_indicies
[ 0  1  2  3  4  5  6  8  9 12]
Runing on Index: 0
Appended Desired Sample
Runing on Index: 1
Appended Desired Sample
Runing on Index: 2
Appended Desired Sample
Runing on Index: 3
Appended Desired Sample
Runing on Index: 4
Appended Desired Sample
Runing on Index: 5
Appended Desired Sample
Runing on Index: 6
Appended Desired Sample
Runing on Index: 7
Runing on Index: 8
Appended Desired Sample
Runing on Index: 9
Appended Desired Sample
Runing on Index: 10
Runing on Index: 11
Runing on Index: 12
Appended Desired Sample
Runing on Index: 13
Runing on Index: 14
Runing on Index: 15
Runing on Index: 16
Runing on Index: 17
Runing on Index: 18
Runing on Index: 19
Runing on Index: 20
Runing on Index: 21
Runing on Index: 22
Runing on Index: 23
Runing on Index: 24
Runing on Index: 25
Runing on Index: 26
Runing on Index: 27
Runing on Index: 28
Runing on Index: 29
Runing on Index: 30
Runing on Index: 31
Runing on Index: 32
Runing on Index: 33
Runing on Index: 34
Runing on Index: 35
Runing on Index: 36
Runing on Index: 37
Runing on Index: 38
Runing on Index: 39
Runing on Index: 40
Runing on Index: 41
Runing on Index: 42
Runing on Index: 43
Runing on Index: 44
Runing on Index: 45
Runing on Index: 46
Runing on Index: 47
Runing on Index: 48
Runing on Index: 49
Runing on Index: 50
Runing on Index: 51
Runing on Index: 52
Runing on Index: 53
Runing on Index: 54
Runing on Index: 55
Runing on Index: 56
Runing on Index: 57
Runing on Index: 58
Runing on Index: 59
Runing on Index: 60
Runing on Index: 61
Runing on Index: 62
Runing on Index: 63
Runing on Index: 64
Runing on Index: 65
Runing on Index: 66
Runing on Index: 67
Runing on Index: 68
Runing on Index: 69
Runing on Index: 70
Runing on Index: 71
Runing on Index: 72
Runing on Index: 73
Runing on Index: 74
Runing on Index: 75
Runing on Index: 76
Runing on Index: 77
Runing on Index: 78
Runing on Index: 79
Runing on Index: 80
Runing on Index: 81
Runing on Index: 82
Runing on Index: 83
Runing on Index: 84
Runing on Index: 85
Runing on Index: 86
Runing on Index: 87
Runing on Index: 88
Runing on Index: 89
Runing on Index: 90
Runing on Index: 91
Runing on Index: 92
Runing on Index: 93
Runing on Index: 94
Runing on Index: 95
Runing on Index: 96
Runing on Index: 97
Runing on Index: 98
Runing on Index: 99
Runing on Index: 100
Runing on Index: 101
Runing on Index: 102
Runing on Index: 103
Runing on Index: 104
Runing on Index: 105
Runing on Index: 106
Runing on Index: 107
Runing on Index: 108
Runing on Index: 109
Runing on Index: 110
Runing on Index: 111
Runing on Index: 112
Runing on Index: 113
Runing on Index: 114
Runing on Index: 115
Runing on Index: 116
Runing on Index: 117
Runing on Index: 118
Runing on Index: 119
Runing on Index: 120
Runing on Index: 121
Runing on Index: 122
Runing on Index: 123
Runing on Index: 124
Runing on Index: 125
Runing on Index: 126
Runing on Index: 127
Runing on Index: 128
Runing on Index: 129
Runing on Index: 130
Runing on Index: 131
Runing on Index: 132
Runing on Index: 133
Runing on Index: 134
Runing on Index: 135
Runing on Index: 136
Runing on Index: 137
Runing on Index: 138
Runing on Index: 139
Runing on Index: 140
Runing on Index: 141
Runing on Index: 142
Runing on Index: 143
Runing on Index: 144
Runing on Index: 145
Runing on Index: 146
Runing on Index: 147
Runing on Index: 148
Runing on Index: 149
Runing on Index: 150
Runing on Index: 151
Runing on Index: 152
Runing on Index: 153
Runing on Index: 154
Runing on Index: 155
Runing on Index: 156
Runing on Index: 157
Runing on Index: 158
Runing on Index: 159
Runing on Index: 160
Runing on Index: 161
Runing on Index: 162
Runing on Index: 163
Runing on Index: 164
Runing on Index: 165
Runing on Index: 166
Runing on Index: 167
Runing on Index: 168
Runing on Index: 169
Runing on Index: 170
Runing on Index: 171
Runing on Index: 172
Runing on Index: 173
Runing on Index: 174
Runing on Index: 175
Runing on Index: 176
Runing on Index: 177
Runing on Index: 178
Runing on Index: 179
Runing on Index: 180
Runing on Index: 181
Runing on Index: 182
Runing on Index: 183
Runing on Index: 184
Runing on Index: 185
Runing on Index: 186
Runing on Index: 187
Runing on Index: 188
Runing on Index: 189
Runing on Index: 190
Runing on Index: 191
Runing on Index: 192
Runing on Index: 193
Runing on Index: 194
Runing on Index: 195
Runing on Index: 196
Runing on Index: 197
Runing on Index: 198
Runing on Index: 199
Runing on Index: 200
Runing on Index: 201
Runing on Index: 202
Runing on Index: 203
Runing on Index: 204
Runing on Index: 205
Runing on Index: 206
Runing on Index: 207
Runing on Index: 208
Runing on Index: 209
Runing on Index: 210
Runing on Index: 211
Runing on Index: 212
Runing on Index: 213
Runing on Index: 214
Runing on Index: 215
Runing on Index: 216
Runing on Index: 217
Runing on Index: 218
Runing on Index: 219
Runing on Index: 220
Runing on Index: 221
Runing on Index: 222
Runing on Index: 223
Runing on Index: 224
Runing on Index: 225
Runing on Index: 226
Runing on Index: 227
Runing on Index: 228
Runing on Index: 229
Runing on Index: 230
Runing on Index: 231
Runing on Index: 232
Runing on Index: 233
Runing on Index: 234
Runing on Index: 235
Runing on Index: 236
Runing on Index: 237
Runing on Index: 238
Runing on Index: 239
Runing on Index: 240
Runing on Index: 241
Runing on Index: 242
Runing on Index: 243
Runing on Index: 244
Runing on Index: 245
Runing on Index: 246
Runing on Index: 247
Runing on Index: 248
Runing on Index: 249
Runing on Index: 250
Runing on Index: 251
Runing on Index: 252
Runing on Index: 253
Runing on Index: 254
Runing on Index: 255
Runing on Index: 256
Runing on Index: 257
Runing on Index: 258
Runing on Index: 259
Runing on Index: 260
Runing on Index: 261
Runing on Index: 262
Runing on Index: 263
Runing on Index: 264
Runing on Index: 265
Runing on Index: 266
Runing on Index: 267
Runing on Index: 268
Runing on Index: 269
Runing on Index: 270
Runing on Index: 271
Runing on Index: 272
Runing on Index: 273
Runing on Index: 274
Runing on Index: 275
Runing on Index: 276
Runing on Index: 277
Runing on Index: 278
Runing on Index: 279
Runing on Index: 280
Runing on Index: 281
Runing on Index: 282
Runing on Index: 283
Runing on Index: 284
Runing on Index: 285
Runing on Index: 286
Runing on Index: 287
Runing on Index: 288
Runing on Index: 289
Runing on Index: 290
Runing on Index: 291
Runing on Index: 292
Runing on Index: 293
Runing on Index: 294
Runing on Index: 295
Runing on Index: 296
Runing on Index: 297
Runing on Index: 298
Runing on Index: 299
Runing on Index: 300
Runing on Index: 301
Runing on Index: 302
Runing on Index: 303
Runing on Index: 304
Runing on Index: 305
Runing on Index: 306
Runing on Index: 307
Runing on Index: 308
Runing on Index: 309
Runing on Index: 310
Runing on Index: 311
Runing on Index: 312
Runing on Index: 313
Runing on Index: 314
Runing on Index: 315
Runing on Index: 316
Runing on Index: 317
Runing on Index: 318
Runing on Index: 319
Runing on Index: 320
Runing on Index: 321
Runing on Index: 322
Runing on Index: 323
Runing on Index: 324
Runing on Index: 325
Runing on Index: 326
Runing on Index: 327
Runing on Index: 328
Runing on Index: 329
Runing on Index: 330
Runing on Index: 331
Runing on Index: 332
Runing on Index: 333
Runing on Index: 334
Runing on Index: 335
Runing on Index: 336
Runing on Index: 337
Runing on Index: 338
Runing on Index: 339
Runing on Index: 340
Runing on Index: 341
Runing on Index: 342
Runing on Index: 343
Runing on Index: 344
Runing on Index: 345
Runing on Index: 346
Runing on Index: 347
Runing on Index: 348
Runing on Index: 349
Runing on Index: 350
Runing on Index: 351
Runing on Index: 352
Runing on Index: 353
Runing on Index: 354
Runing on Index: 355
Runing on Index: 356
Runing on Index: 357
Runing on Index: 358
Runing on Index: 359
Runing on Index: 360
Runing on Index: 361
Runing on Index: 362
Runing on Index: 363
Runing on Index: 364
Runing on Index: 365
Runing on Index: 366
Runing on Index: 367
Runing on Index: 368
Runing on Index: 369
Runing on Index: 370
Runing on Index: 371
Runing on Index: 372
Runing on Index: 373
Runing on Index: 374
Runing on Index: 375
Runing on Index: 376
Runing on Index: 377
Runing on Index: 378
Runing on Index: 379
Runing on Index: 380
Runing on Index: 381
Runing on Index: 382
Runing on Index: 383
Runing on Index: 384
Runing on Index: 385
Runing on Index: 386
Runing on Index: 387
Runing on Index: 388
Runing on Index: 389
Runing on Index: 390
Runing on Index: 391
Runing on Index: 392
Runing on Index: 393
Runing on Index: 394
Runing on Index: 395
Runing on Index: 396
Runing on Index: 397
Runing on Index: 398
Runing on Index: 399
Runing on Index: 400
Runing on Index: 401
Runing on Index: 402
Runing on Index: 403
Runing on Index: 404
Runing on Index: 405
Runing on Index: 406
Runing on Index: 407
Runing on Index: 408
Runing on Index: 409
Runing on Index: 410
Runing on Index: 411
Runing on Index: 412
Runing on Index: 413
Runing on Index: 414
Runing on Index: 415
Runing on Index: 416
Runing on Index: 417
Runing on Index: 418
Runing on Index: 419
Runing on Index: 420
Runing on Index: 421
Runing on Index: 422
Runing on Index: 423
Runing on Index: 424
Runing on Index: 425
Runing on Index: 426
Runing on Index: 427
Runing on Index: 428
Runing on Index: 429
Runing on Index: 430
Runing on Index: 431
Runing on Index: 432
Runing on Index: 433
Runing on Index: 434
Runing on Index: 435
Runing on Index: 436
Runing on Index: 437
Runing on Index: 438
Runing on Index: 439
Runing on Index: 440
Runing on Index: 441
Runing on Index: 442
Runing on Index: 443
Runing on Index: 444
Runing on Index: 445
Runing on Index: 446
Runing on Index: 447
Runing on Index: 448
Runing on Index: 449
Runing on Index: 450
Runing on Index: 451
Runing on Index: 452
Runing on Index: 453
Runing on Index: 454
Runing on Index: 455
Runing on Index: 456
Runing on Index: 457
Runing on Index: 458
Runing on Index: 459
Runing on Index: 460
Runing on Index: 461
Runing on Index: 462
Runing on Index: 463
Runing on Index: 464
Runing on Index: 465
Runing on Index: 466
Runing on Index: 467
Runing on Index: 468
Runing on Index: 469
Runing on Index: 470
Runing on Index: 471
Runing on Index: 472
Runing on Index: 473
Runing on Index: 474
Runing on Index: 475
Runing on Index: 476
Runing on Index: 477
Runing on Index: 478
Runing on Index: 479
Runing on Index: 480
Runing on Index: 481
Runing on Index: 482
Runing on Index: 483
Runing on Index: 484
Runing on Index: 485
Runing on Index: 486
Runing on Index: 487
Runing on Index: 488
Runing on Index: 489
Runing on Index: 490
Runing on Index: 491
Runing on Index: 492
Runing on Index: 493
Runing on Index: 494
Runing on Index: 495
Runing on Index: 496
Runing on Index: 497
Runing on Index: 498
Runing on Index: 499
Runing on Index: 500
Runing on Index: 501
Runing on Index: 502
Runing on Index: 503
Runing on Index: 504
Runing on Index: 505
Runing on Index: 506
Runing on Index: 507
Runing on Index: 508
Runing on Index: 509
Runing on Index: 510
Runing on Index: 511
Runing on Index: 512
Runing on Index: 513
Runing on Index: 514
Runing on Index: 515
Runing on Index: 516
Runing on Index: 517
Runing on Index: 518
Runing on Index: 519
Runing on Index: 520
Runing on Index: 521
Runing on Index: 522
Runing on Index: 523
Runing on Index: 524
Runing on Index: 525
Runing on Index: 526
Runing on Index: 527
Runing on Index: 528
Runing on Index: 529
Runing on Index: 530
Runing on Index: 531
Runing on Index: 532
Runing on Index: 533
Runing on Index: 534
Runing on Index: 535
Runing on Index: 536
Runing on Index: 537
Runing on Index: 538
Runing on Index: 539
Runing on Index: 540
Runing on Index: 541
Runing on Index: 542
Runing on Index: 543
Runing on Index: 544
Runing on Index: 545
Runing on Index: 546
Runing on Index: 547
Runing on Index: 548
Runing on Index: 549
Runing on Index: 550
Runing on Index: 551
Runing on Index: 552
Runing on Index: 553
Runing on Index: 554
Runing on Index: 555
Runing on Index: 556
Runing on Index: 557
Runing on Index: 558
Runing on Index: 559
Runing on Index: 560
Runing on Index: 561
Runing on Index: 562
Runing on Index: 563
Runing on Index: 564
Runing on Index: 565
Runing on Index: 566
Runing on Index: 567
Runing on Index: 568
Runing on Index: 569
Runing on Index: 570
Runing on Index: 571
Runing on Index: 572
Runing on Index: 573
Runing on Index: 574
Runing on Index: 575
Runing on Index: 576
Runing on Index: 577
Runing on Index: 578
Runing on Index: 579
Runing on Index: 580
Runing on Index: 581
Runing on Index: 582
Runing on Index: 583
Runing on Index: 584
Runing on Index: 585
Runing on Index: 586
Runing on Index: 587
Runing on Index: 588
Runing on Index: 589
Runing on Index: 590
Runing on Index: 591
Runing on Index: 592
Runing on Index: 593
Runing on Index: 594
Runing on Index: 595
Runing on Index: 596
Runing on Index: 597
Runing on Index: 598
Runing on Index: 599
Processed Meta values sampled Indecies: [  0   1   2   3   4   5   6   7   8   9  10  11  12  13  14  15  16  17
  18  19  20  21  22  23  24  25  26  27  28  29  30  31  32  33  34  35
  36  37  38  39  40  41  42  43  44  45  46  47  48  49  50  51  52  53
  54  55  56  57  58  59  60  61  62  63  64  65  66  67  68  69  70  71
  72  73  74  75  76  77  78  79  80  81  82  83  84  85  86  87  88  89
  90  91  92  93  94  95  96  97  98  99 100 101 102 103 104 105 106 107
 108 109 110 111 112 113 114 115 116 117 118 119 120 121 122 123 124 125
 126 127 128 129 130 131 132 133 134 135 136 137 138 139 140 141 142 143
 144 145 146 147 148 149 150 151 152 153 154 155 156 157 158 159 160 161
 162 163 164 165 166 167 168 169 170 171 172 173 174 175 176 177 178 179
 180 181 182 183 184 185 186 187 188 189 190 191 192 193 194 195 196 197
 198 199 200 201 202 203 204 205 206 207 208 209 210 211 212 213 214 215
 216 217 218 219 220 221 222 223 224 225 226 227 228 229 230 231 232 233
 234 235 236 237 238 239 240 241 242 243 244 245 246 247 248 249 250 251
 252 253 254 255 256 257 258 259 260 261 262 263 264 265 266 267 268 269
 270 271 272 273 274 275 276 277 278 279 280 281 282 283 284 285 286 287
 288 289 290 291 292 293 294 295 296 297 298 299 300 301 302 303 304 305
 306 307 308 309 310 311 312 313 314 315 316 317 318 319 320 321 322 323
 324 325 326 327 328 329 330 331 332 333 334 335 336 337 338 339 340 341
 342 343 344 345 346 347 348 349 350 351 352 353 354 355 356 357 358 359
 360 361 362 363 364 365 366 367 368 369 370 371 372 373 374 375 376 377
 378 379 380 381 382 383 384 385 386 387 388 389 390 391 392 393 394 395
 396 397 398 399 400 401 402 403 404 405 406 407 408 409 410 411 412 413
 414 415 416 417 418 419 420 421 422 423 424 425 426 427 428 429 430 431
 432 433 434 435 436 437 438 439 440 441 442 443 444 445 446 447 448 449
 450 451 452 453 454 455 456 457 458 459 460 461 462 463 464 465 466 467
 468 469 470 471 472 473 474 475 476 477 478 479 480 481 482 483 484 485
 486 487 488 489 490 491 492 493 494 495 496 497 498 499 500 501 502 503
 504 505 506 507 508 509 510 511 512 513 514 515 516 517 518 519 520 521
 522 523 524 525 526 527 528 529 530 531 532 533 534 535 536 537 538 539
 540 541 542 543 544 545 546 547 548 549 550 551 552 553 554 555 556 557
 558 559 560 561 562 563 564 565 566 567 568 569 570 571 572 573 574 575
 576 577 578 579 580 581 582 583 584 585 586 587 588 589 590 591 592 593
 594 595 596 597 598 599]
Raw Meta values sampled Indecies: [ 0  1  2  3  4  5  6  8  9 12]
Saving Raw Image Tensors
Saved orig_image_tensors to /home/clo37/priv/VLM-MIA-Study/LatestResults/2025_09_09_TESTTEST/orig_image_tensors.pt
Saved aug_image_tensors to /home/clo37/priv/VLM-MIA-Study/LatestResults/2025_09_09_TESTTEST/aug_image_tensors.pt
Raw Image Tensors Saved
Saved image_sampled_indicies to /home/clo37/priv/VLM-MIA-Study/LatestResults/2025_09_09_TESTTEST/image_sampled_indicies.json
Proc Meta Sample Map: defaultdict(<class 'list'>, {0: [0, 1, 2, 3, 4, 5, 6, 7], 1: [0, 1, 2, 3, 4, 5, 6, 7], 2: [0, 1, 2, 3, 4, 5, 6, 7], 3: [0, 1, 2, 3, 4, 5, 6, 7], 4: [0, 1, 2, 3, 4, 5, 6, 7], 5: [0, 1, 2, 3, 4, 5, 6, 7], 6: [0, 1, 2, 3, 4, 5, 6, 7], 7: [0, 1, 2, 3, 4, 5, 6, 7], 8: [0, 1, 2, 3, 4, 5, 6, 7], 9: [0, 1, 2, 3, 4, 5, 6, 7], 10: [0, 1, 2, 3, 4, 5, 6, 7], 11: [0, 1, 2, 3, 4, 5, 6, 7], 12: [0, 1, 2, 3, 4, 5, 6, 7], 13: [0, 1, 2, 3, 4, 5, 6, 7], 14: [0, 1, 2, 3, 4, 5, 6, 7], 15: [0, 1, 2, 3, 4, 5, 6, 7], 16: [0, 1, 2, 3, 4, 5, 6, 7], 17: [0, 1, 2, 3, 4, 5, 6, 7], 18: [0, 1, 2, 3, 4, 5, 6, 7], 19: [0, 1, 2, 3, 4, 5, 6, 7], 20: [0, 1, 2, 3, 4, 5, 6, 7], 21: [0, 1, 2, 3, 4, 5, 6, 7], 22: [0, 1, 2, 3, 4, 5, 6, 7], 23: [0, 1, 2, 3, 4, 5, 6, 7], 24: [0, 1, 2, 3, 4, 5, 6, 7], 25: [0, 1, 2, 3, 4, 5, 6, 7], 26: [0, 1, 2, 3, 4, 5, 6, 7], 27: [0, 1, 2, 3, 4, 5, 6, 7], 28: [0, 1, 2, 3, 4, 5, 6, 7], 29: [0, 1, 2, 3, 4, 5, 6, 7], 30: [0, 1, 2, 3, 4, 5, 6, 7], 31: [0, 1, 2, 3, 4, 5, 6, 7], 32: [0, 1, 2, 3, 4, 5, 6, 7], 33: [0, 1, 2, 3, 4, 5, 6, 7], 34: [0, 1, 2, 3, 4, 5, 6, 7], 35: [0, 1, 2, 3, 4, 5, 6, 7], 36: [0, 1, 2, 3, 4, 5, 6, 7], 37: [0, 1, 2, 3, 4, 5, 6, 7], 38: [0, 1, 2, 3, 4, 5, 6, 7], 39: [0, 1, 2, 3, 4, 5, 6, 7], 40: [0, 1, 2, 3, 4, 5, 6, 7], 41: [0, 1, 2, 3, 4, 5, 6, 7], 42: [0, 1, 2, 3, 4, 5, 6, 7], 43: [0, 1, 2, 3, 4, 5, 6, 7], 44: [0, 1, 2, 3, 4, 5, 6, 7], 45: [0, 1, 2, 3, 4, 5, 6, 7], 46: [0, 1, 2, 3, 4, 5, 6, 7], 47: [0, 1, 2, 3, 4, 5, 6, 7], 48: [0, 1, 2, 3, 4, 5, 6, 7], 49: [0, 1, 2, 3, 4, 5, 6, 7], 50: [0, 1, 2, 3, 4, 5, 6, 7], 51: [0, 1, 2, 3, 4, 5, 6, 7], 52: [0, 1, 2, 3, 4, 5, 6, 7], 53: [0, 1, 2, 3, 4, 5, 6, 7], 54: [0, 1, 2, 3, 4, 5, 6, 7], 55: [0, 1, 2, 3, 4, 5, 6, 7], 56: [0, 1, 2, 3, 4, 5, 6, 7], 57: [0, 1, 2, 3, 4, 5, 6, 7], 58: [0, 1, 2, 3, 4, 5, 6, 7], 59: [0, 1, 2, 3, 4, 5, 6, 7], 60: [0, 1, 2, 3, 4, 5, 6, 7], 61: [0, 1, 2, 3, 4, 5, 6, 7], 62: [0, 1, 2, 3, 4, 5, 6, 7], 63: [0, 1, 2, 3, 4, 5, 6, 7], 64: [0, 1, 2, 3, 4, 5, 6, 7], 65: [0, 1, 2, 3, 4, 5, 6, 7], 66: [0, 1, 2, 3, 4, 5, 6, 7], 67: [0, 1, 2, 3, 4, 5, 6, 7], 68: [0, 1, 2, 3, 4, 5, 6, 7], 69: [0, 1, 2, 3, 4, 5, 6, 7], 70: [0, 1, 2, 3, 4, 5, 6, 7], 71: [0, 1, 2, 3, 4, 5, 6, 7], 72: [0, 1, 2, 3, 4, 5, 6, 7], 73: [0, 1, 2, 3, 4, 5, 6, 7], 74: [0, 1, 2, 3, 4, 5, 6, 7]})
Raw Meta Sample Map: defaultdict(<class 'list'>, {0: [0, 1, 2, 3, 4, 5, 6], 1: [0, 1, 4]})
Running inference:   0%|          | 0/75 [00:00<?, ?batch/s]Running inference:   1%|▏         | 1/75 [09:06<11:13:41, 546.24s/batch]Running inference:   1%|▏         | 1/75 [11:45<14:30:23, 705.72s/batch]


Running Batch: 0
Batch 0 Raw Meta

 Meta Metric Keys
dict_keys(['ppl', 'entropies', 'all_prob', 'probabilities', 'log_probabilities', 'modified_entropies', 'max_probs', 'gap_probs', 'renyi_05_entro', 'renyi_2_entro', 'losses', 'modified_entropies_alpha_05', 'modified_entropies_alpha_2', 'renyi_05_probs', 'renyi_1_probs', 'renyi_2_probs', 'renyi_inf_probs', 'per_token_CE_loss'])

 First Depth Keys of 'losses' (Augmentations)
dict_keys(['orig', 'GaussianNoise'])

 Losses Gaussian Noise First Example Shape:
Type: <class 'list'>
Shape: (56, 575)
KL-Div Metric
KL-Div Metric
KL-Div Metric
KL-Div Metric
Renyi-Div Metric
Renyi-Div Metric
Renyi-Div Metric
Renyi-Div Metric


Running Batch: 1
Batch 1 Raw Meta

 Meta Metric Keys
dict_keys(['ppl', 'entropies', 'all_prob', 'probabilities', 'log_probabilities', 'modified_entropies', 'max_probs', 'gap_probs', 'renyi_05_entro', 'renyi_2_entro', 'losses', 'modified_entropies_alpha_05', 'modified_entropies_alpha_2', 'renyi_05_probs', 'renyi_1_probs', 'renyi_2_probs', 'renyi_inf_probs', 'per_token_CE_loss'])

 First Depth Keys of 'losses' (Augmentations)
dict_keys(['orig', 'GaussianNoise'])

 Losses Gaussian Noise First Example Shape:
Type: <class 'list'>
Shape: (80, 575)
Exit
